Determining compilation order of HDL files.
INFO: [VRFC 10-2263] Analyzing Verilog file "E:/vivado/cpu/cpu.sim/sim_1/synth/func/cpu_top_func_synth.v" into library xil_defaultlib
INFO: [VRFC 10-311] analyzing module cpu_top
INFO: [VRFC 10-311] analyzing module glbl
INFO: [VRFC 10-2263] Analyzing Verilog file "E:/vivado/cpu/cpu.srcs/sources_1/new/add.v" into library xil_defaultlib
INFO: [VRFC 10-311] analyzing module add
INFO: [VRFC 10-2263] Analyzing Verilog file "E:/vivado/cpu/cpu.srcs/sources_1/new/g_p.v" into library xil_defaultlib
INFO: [VRFC 10-311] analyzing module g_p
INFO: [VRFC 10-2263] Analyzing Verilog file "E:/vivado/cpu/cpu.srcs/sources_1/new/cla2.v" into library xil_defaultlib
INFO: [VRFC 10-311] analyzing module cla2
INFO: [VRFC 10-2263] Analyzing Verilog file "E:/vivado/cpu/cpu.srcs/sources_1/new/cla4.v" into library xil_defaultlib
INFO: [VRFC 10-311] analyzing module cla4
INFO: [VRFC 10-2263] Analyzing Verilog file "E:/vivado/cpu/cpu.srcs/sources_1/new/cla8.v" into library xil_defaultlib
INFO: [VRFC 10-311] analyzing module cla8
INFO: [VRFC 10-2263] Analyzing Verilog file "E:/vivado/cpu/cpu.srcs/sources_1/new/cla16.v" into library xil_defaultlib
INFO: [VRFC 10-311] analyzing module cla16
INFO: [VRFC 10-2263] Analyzing Verilog file "E:/vivado/cpu/cpu.srcs/sources_1/new/cla32.v" into library xil_defaultlib
INFO: [VRFC 10-311] analyzing module cla32
INFO: [VRFC 10-2263] Analyzing Verilog file "E:/vivado/cpu/cpu.srcs/sources_1/new/cla_32.v" into library xil_defaultlib
INFO: [VRFC 10-311] analyzing module cla_32
INFO: [VRFC 10-2263] Analyzing Verilog file "E:/vivado/cpu/cpu.srcs/sources_1/new/mux4x32.v" into library xil_defaultlib
INFO: [VRFC 10-311] analyzing module mux4x32
INFO: [VRFC 10-2263] Analyzing Verilog file "E:/vivado/cpu/cpu.srcs/sources_1/new/shift.v" into library xil_defaultlib
INFO: [VRFC 10-311] analyzing module shift
ERROR: [VRFC 10-1315] redeclaration of ansi port sh is not allowed [E:/vivado/cpu/cpu.srcs/sources_1/new/shift.v:30]
ERROR: [VRFC 10-1040] module shift ignored due to previous errors [E:/vivado/cpu/cpu.srcs/sources_1/new/shift.v:23]
